<?xml version="1.0" encoding="UTF-8"?>
<!-- Generated by org.testng.reporters.JUnitReportReporter -->
<testsuite hostname="Atul_TUF_F15" failures="0" tests="4" name="sdettestngassignment.CalculatorTest" time="0.008" errors="0" timestamp="2024-04-25T17:39:10 IST" skipped="0">
  <testcase classname="sdettestngassignment.CalculatorTest" name="testAddition" time="0.006"/>
  <testcase classname="sdettestngassignment.CalculatorTest" name="testSubtraction" time="0.001"/>
  <testcase classname="sdettestngassignment.CalculatorTest" name="testMultiplication" time="0.000"/>
  <testcase classname="sdettestngassignment.CalculatorTest" name="testDivision" time="0.001"/>
</testsuite> <!-- sdettestngassignment.CalculatorTest -->
