<?xml version="1.0" encoding="UTF-8"?>
<!-- Generated by org.testng.reporters.JUnitReportReporter -->
<testsuite hostname="Atul_TUF_F15" failures="0" tests="2" name="practicepackage.SeleniumPracticeTest1" time="14.224" errors="0" timestamp="2024-04-25T15:47:56 IST" skipped="0">
  <testcase classname="practicepackage.SeleniumPracticeTest1" name="softAsertsExample" time="7.575"/>
  <testcase classname="practicepackage.SeleniumPracticeTest1" name="testChromeDriver" time="6.649"/>
</testsuite> <!-- practicepackage.SeleniumPracticeTest1 -->
