<?xml version="1.0" encoding="UTF-8"?>
<!-- Generated by org.testng.reporters.JUnitReportReporter -->
<testsuite hostname="Atul_TUF_F15" failures="0" tests="5" name="practicepackage.AnnotationsTestClass" time="0.012" errors="0" timestamp="2024-04-24T17:34:17 IST" skipped="0">
  <testcase classname="practicepackage.AnnotationsTestClass" name="test3" time="0.002"/>
  <testcase classname="practicepackage.AnnotationsTestClass" name="test4" time="0.004"/>
  <testcase classname="practicepackage.AnnotationsTestClass" name="test1" time="0.004"/>
  <testcase classname="practicepackage.AnnotationsTestClass" name="test2" time="0.002"/>
  <testcase classname="practicepackage.AnnotationsTestClass" name="test5" time="0.000"/>
</testsuite> <!-- practicepackage.AnnotationsTestClass -->
